# JRE version: OpenJDK Runtime Environment (8.0_242-b01) (build 1.8.0_242-release-1644-b01)
# Java VM: OpenJDK 64-Bit Server VM (25.242-b01 mixed mode windows-amd64 compressed oops)
Heap:
 PSYoungGen      total 295936K, used 101140K [0x00000000d5580000, 0x00000000ed080000, 0x0000000100000000)
  eden space 259072K, 24% used [0x00000000d5580000,0x00000000d9446d28,0x00000000e5280000)
  from space 36864K, 99% used [0x00000000e5280000,0x00000000e767e488,0x00000000e7680000)
  to   space 44032K, 0% used [0x00000000ea580000,0x00000000ea580000,0x00000000ed080000)
 ParOldGen       total 228352K, used 70722K [0x0000000080000000, 0x000000008df00000, 0x00000000d5580000)
  object space 228352K, 30% used [0x0000000080000000,0x00000000845109c8,0x000000008df00000)
 Metaspace       used 106045K, capacity 111818K, committed 112076K, reserved 1146880K
  class space    used 13957K, capacity 15099K, committed 15104K, reserved 1048576K
GC Heap History (10 events):
Event: 22.493 GC heap before
{Heap before GC invocations=15 (full 3):
 PSYoungGen      total 220672K, used 216985K [0x00000000d5580000, 0x00000000e6800000, 0x0000000100000000)
  eden space 199168K, 100% used [0x00000000d5580000,0x00000000e1800000,0x00000000e1800000)
  from space 21504K, 82% used [0x00000000e1800000,0x00000000e2966718,0x00000000e2d00000)
  to   space 23040K, 0% used [0x00000000e5180000,0x00000000e5180000,0x00000000e6800000)
 ParOldGen       total 148480K, used 39136K [0x0000000080000000, 0x0000000089100000, 0x00000000d5580000)
  object space 148480K, 26% used [0x0000000080000000,0x0000000082638030,0x0000000089100000)
 Metaspace       used 80162K, capacity 84138K, committed 84312K, reserved 1122304K
  class space    used 11005K, capacity 11808K, committed 11904K, reserved 1048576K
Event: 22.577 GC heap after
Heap after GC invocations=15 (full 3):
 PSYoungGen      total 251904K, used 23010K [0x00000000d5580000, 0x00000000e7280000, 0x0000000100000000)
  eden space 228864K, 0% used [0x00000000d5580000,0x00000000d5580000,0x00000000e3500000)
  from space 23040K, 99% used [0x00000000e5180000,0x00000000e67f8b08,0x00000000e6800000)
  to   space 29184K, 0% used [0x00000000e3500000,0x00000000e3500000,0x00000000e5180000)
 ParOldGen       total 148480K, used 46233K [0x0000000080000000, 0x0000000089100000, 0x00000000d5580000)
  object space 148480K, 31% used [0x0000000080000000,0x0000000082d26610,0x0000000089100000)
 Metaspace       used 80162K, capacity 84138K, committed 84312K, reserved 1122304K
  class space    used 11005K, capacity 11808K, committed 11904K, reserved 1048576K
}
Event: 629.648 GC heap before
{Heap before GC invocations=16 (full 3):
 PSYoungGen      total 251904K, used 251874K [0x00000000d5580000, 0x00000000e7280000, 0x0000000100000000)
  eden space 228864K, 100% used [0x00000000d5580000,0x00000000e3500000,0x00000000e3500000)
  from space 23040K, 99% used [0x00000000e5180000,0x00000000e67f8b08,0x00000000e6800000)
  to   space 29184K, 0% used [0x00000000e3500000,0x00000000e3500000,0x00000000e5180000)
 ParOldGen       total 148480K, used 46233K [0x0000000080000000, 0x0000000089100000, 0x00000000d5580000)
  object space 148480K, 31% used [0x0000000080000000,0x0000000082d26610,0x0000000089100000)
 Metaspace       used 88278K, capacity 92832K, committed 92888K, reserved 1130496K
  class space    used 11817K, capacity 12755K, committed 12800K, reserved 1048576K
Event: 629.717 GC heap after
Heap after GC invocations=16 (full 3):
 PSYoungGen      total 258048K, used 29164K [0x00000000d5580000, 0x00000000e9b80000, 0x0000000100000000)
  eden space 228864K, 0% used [0x00000000d5580000,0x00000000d5580000,0x00000000e3500000)
  from space 29184K, 99% used [0x00000000e3500000,0x00000000e517b298,0x00000000e5180000)
  to   space 36352K, 0% used [0x00000000e7800000,0x00000000e7800000,0x00000000e9b80000)
 ParOldGen       total 148480K, used 53173K [0x0000000080000000, 0x0000000089100000, 0x00000000d5580000)
  object space 148480K, 35% used [0x0000000080000000,0x00000000833ed778,0x0000000089100000)
 Metaspace       used 88278K, capacity 92832K, committed 92888K, reserved 1130496K
  class space    used 11817K, capacity 12755K, committed 12800K, reserved 1048576K
}
Event: 639.040 GC heap before
{Heap before GC invocations=17 (full 3):
 PSYoungGen      total 258048K, used 225790K [0x00000000d5580000, 0x00000000e9b80000, 0x0000000100000000)
  eden space 228864K, 85% used [0x00000000d5580000,0x00000000e15847d0,0x00000000e3500000)
  from space 29184K, 99% used [0x00000000e3500000,0x00000000e517b298,0x00000000e5180000)
  to   space 36352K, 0% used [0x00000000e7800000,0x00000000e7800000,0x00000000e9b80000)
 ParOldGen       total 148480K, used 53173K [0x0000000080000000, 0x0000000089100000, 0x00000000d5580000)
  object space 148480K, 35% used [0x0000000080000000,0x00000000833ed778,0x0000000089100000)
 Metaspace       used 93492K, capacity 98318K, committed 98380K, reserved 1134592K
  class space    used 12448K, capacity 13411K, committed 13440K, reserved 1048576K
Event: 639.122 GC heap after
Heap after GC invocations=17 (full 3):
 PSYoungGen      total 294400K, used 21815K [0x00000000d5580000, 0x00000000e9a80000, 0x0000000100000000)
  eden space 259072K, 0% used [0x00000000d5580000,0x00000000d5580000,0x00000000e5280000)
  from space 35328K, 61% used [0x00000000e7800000,0x00000000e8d4df00,0x00000000e9a80000)
  to   space 36864K, 0% used [0x00000000e5280000,0x00000000e5280000,0x00000000e7680000)
 ParOldGen       total 148480K, used 73878K [0x0000000080000000, 0x0000000089100000, 0x00000000d5580000)
  object space 148480K, 49% used [0x0000000080000000,0x0000000084825bf0,0x0000000089100000)
 Metaspace       used 93492K, capacity 98318K, committed 98380K, reserved 1134592K
  class space    used 12448K, capacity 13411K, committed 13440K, reserved 1048576K
}
Event: 639.122 GC heap before
{Heap before GC invocations=18 (full 4):
 PSYoungGen      total 294400K, used 21815K [0x00000000d5580000, 0x00000000e9a80000, 0x0000000100000000)
  eden space 259072K, 0% used [0x00000000d5580000,0x00000000d5580000,0x00000000e5280000)
  from space 35328K, 61% used [0x00000000e7800000,0x00000000e8d4df00,0x00000000e9a80000)
  to   space 36864K, 0% used [0x00000000e5280000,0x00000000e5280000,0x00000000e7680000)
 ParOldGen       total 148480K, used 73878K [0x0000000080000000, 0x0000000089100000, 0x00000000d5580000)
  object space 148480K, 49% used [0x0000000080000000,0x0000000084825bf0,0x0000000089100000)
 Metaspace       used 93492K, capacity 98318K, committed 98380K, reserved 1134592K
  class space    used 12448K, capacity 13411K, committed 13440K, reserved 1048576K
Event: 639.478 GC heap after
Heap after GC invocations=18 (full 4):
 PSYoungGen      total 294400K, used 0K [0x00000000d5580000, 0x00000000e9a80000, 0x0000000100000000)
  eden space 259072K, 0% used [0x00000000d5580000,0x00000000d5580000,0x00000000e5280000)
  from space 35328K, 0% used [0x00000000e7800000,0x00000000e7800000,0x00000000e9a80000)
  to   space 36864K, 0% used [0x00000000e5280000,0x00000000e5280000,0x00000000e7680000)
 ParOldGen       total 228352K, used 66125K [0x0000000080000000, 0x000000008df00000, 0x00000000d5580000)
  object space 228352K, 28% used [0x0000000080000000,0x00000000840934c0,0x000000008df00000)
 Metaspace       used 93297K, capacity 97764K, committed 98380K, reserved 1134592K
  class space    used 12388K, capacity 13304K, committed 13440K, reserved 1048576K
}
Event: 646.927 GC heap before
{Heap before GC invocations=19 (full 4):
 PSYoungGen      total 294400K, used 259072K [0x00000000d5580000, 0x00000000e9a80000, 0x0000000100000000)
  eden space 259072K, 100% used [0x00000000d5580000,0x00000000e5280000,0x00000000e5280000)
  from space 35328K, 0% used [0x00000000e7800000,0x00000000e7800000,0x00000000e9a80000)
  to   space 36864K, 0% used [0x00000000e5280000,0x00000000e5280000,0x00000000e7680000)
 ParOldGen       total 228352K, used 66125K [0x0000000080000000, 0x000000008df00000, 0x00000000d5580000)
  object space 228352K, 28% used [0x0000000080000000,0x00000000840934c0,0x000000008df00000)
 Metaspace       used 104117K, capacity 109428K, committed 109644K, reserved 1144832K
  class space    used 13782K, capacity 14862K, committed 14976K, reserved 1048576K
Event: 647.005 GC heap after
Heap after GC invocations=19 (full 4):
 PSYoungGen      total 295936K, used 36857K [0x00000000d5580000, 0x00000000ed080000, 0x0000000100000000)
  eden space 259072K, 0% used [0x00000000d5580000,0x00000000d5580000,0x00000000e5280000)
  from space 36864K, 99% used [0x00000000e5280000,0x00000000e767e488,0x00000000e7680000)
  to   space 44032K, 0% used [0x00000000ea580000,0x00000000ea580000,0x00000000ed080000)
 ParOldGen       total 228352K, used 70722K [0x0000000080000000, 0x000000008df00000, 0x00000000d5580000)
  object space 228352K, 30% used [0x0000000080000000,0x00000000845109c8,0x000000008df00000)
 Metaspace       used 104117K, capacity 109428K, committed 109644K, reserved 1144832K
  class space    used 13782K, capacity 14862K, committed 14976K, reserved 1048576K
}

