# JRE version: OpenJDK Runtime Environment (8.0_242-b01) (build 1.8.0_242-release-1644-b01)
# Java VM: OpenJDK 64-Bit Server VM (25.242-b01 mixed mode windows-amd64 compressed oops)
Heap:
 PSYoungGen      total 330752K, used 122212K [0x00000000d5580000, 0x00000000f0100000, 0x0000000100000000)
  eden space 312320K, 39% used [0x00000000d5580000,0x00000000dccd9390,0x00000000e8680000)
  from space 18432K, 0% used [0x00000000e8680000,0x00000000e8680000,0x00000000e9880000)
  to   space 23040K, 0% used [0x00000000eea80000,0x00000000eea80000,0x00000000f0100000)
 ParOldGen       total 128000K, used 34406K [0x0000000080000000, 0x0000000087d00000, 0x00000000d5580000)
  object space 128000K, 26% used [0x0000000080000000,0x0000000082199bd8,0x0000000087d00000)
 Metaspace       used 62941K, capacity 65732K, committed 65816K, reserved 1105920K
  class space    used 8713K, capacity 9239K, committed 9264K, reserved 1048576K
GC Heap History (10 events):
Event: 8.508 GC heap before
{Heap before GC invocations=8 (full 1):
 PSYoungGen      total 201216K, used 54883K [0x00000000d5580000, 0x00000000e5380000, 0x0000000100000000)
  eden space 189952K, 22% used [0x00000000d5580000,0x00000000d801bc78,0x00000000e0f00000)
  from space 11264K, 99% used [0x00000000e4880000,0x00000000e537d0b0,0x00000000e5380000)
  to   space 14848K, 0% used [0x00000000e3680000,0x00000000e3680000,0x00000000e4500000)
 ParOldGen       total 55296K, used 10465K [0x0000000080000000, 0x0000000083600000, 0x00000000d5580000)
  object space 55296K, 18% used [0x0000000080000000,0x0000000080a38628,0x0000000083600000)
 Metaspace       used 34374K, capacity 35432K, committed 35496K, reserved 1079296K
  class space    used 4734K, capacity 5007K, committed 5040K, reserved 1048576K
Event: 8.546 GC heap after
Heap after GC invocations=8 (full 1):
 PSYoungGen      total 245248K, used 8436K [0x00000000d5580000, 0x00000000ea680000, 0x0000000100000000)
  eden space 230400K, 0% used [0x00000000d5580000,0x00000000d5580000,0x00000000e3680000)
  from space 14848K, 56% used [0x00000000e3680000,0x00000000e3ebd3c0,0x00000000e4500000)
  to   space 14336K, 0% used [0x00000000e9880000,0x00000000e9880000,0x00000000ea680000)
 ParOldGen       total 55296K, used 10473K [0x0000000080000000, 0x0000000083600000, 0x00000000d5580000)
  object space 55296K, 18% used [0x0000000080000000,0x0000000080a3a628,0x0000000083600000)
 Metaspace       used 34374K, capacity 35432K, committed 35496K, reserved 1079296K
  class space    used 4734K, capacity 5007K, committed 5040K, reserved 1048576K
}
Event: 8.546 GC heap before
{Heap before GC invocations=9 (full 2):
 PSYoungGen      total 245248K, used 8436K [0x00000000d5580000, 0x00000000ea680000, 0x0000000100000000)
  eden space 230400K, 0% used [0x00000000d5580000,0x00000000d5580000,0x00000000e3680000)
  from space 14848K, 56% used [0x00000000e3680000,0x00000000e3ebd3c0,0x00000000e4500000)
  to   space 14336K, 0% used [0x00000000e9880000,0x00000000e9880000,0x00000000ea680000)
 ParOldGen       total 55296K, used 10473K [0x0000000080000000, 0x0000000083600000, 0x00000000d5580000)
  object space 55296K, 18% used [0x0000000080000000,0x0000000080a3a628,0x0000000083600000)
 Metaspace       used 34374K, capacity 35432K, committed 35496K, reserved 1079296K
  class space    used 4734K, capacity 5007K, committed 5040K, reserved 1048576K
Event: 8.692 GC heap after
Heap after GC invocations=9 (full 2):
 PSYoungGen      total 245248K, used 0K [0x00000000d5580000, 0x00000000ea680000, 0x0000000100000000)
  eden space 230400K, 0% used [0x00000000d5580000,0x00000000d5580000,0x00000000e3680000)
  from space 14848K, 0% used [0x00000000e3680000,0x00000000e3680000,0x00000000e4500000)
  to   space 14336K, 0% used [0x00000000e9880000,0x00000000e9880000,0x00000000ea680000)
 ParOldGen       total 82944K, used 14728K [0x0000000080000000, 0x0000000085100000, 0x00000000d5580000)
  object space 82944K, 17% used [0x0000000080000000,0x0000000080e62288,0x0000000085100000)
 Metaspace       used 34374K, capacity 35432K, committed 35496K, reserved 1079296K
  class space    used 4734K, capacity 5007K, committed 5040K, reserved 1048576K
}
Event: 13.522 GC heap before
{Heap before GC invocations=10 (full 2):
 PSYoungGen      total 245248K, used 230400K [0x00000000d5580000, 0x00000000ea680000, 0x0000000100000000)
  eden space 230400K, 100% used [0x00000000d5580000,0x00000000e3680000,0x00000000e3680000)
  from space 14848K, 0% used [0x00000000e3680000,0x00000000e3680000,0x00000000e4500000)
  to   space 14336K, 0% used [0x00000000e9880000,0x00000000e9880000,0x00000000ea680000)
 ParOldGen       total 82944K, used 14728K [0x0000000080000000, 0x0000000085100000, 0x00000000d5580000)
  object space 82944K, 17% used [0x0000000080000000,0x0000000080e62288,0x0000000085100000)
 Metaspace       used 47747K, capacity 49536K, committed 49832K, reserved 1091584K
  class space    used 6450K, capacity 6816K, committed 6832K, reserved 1048576K
Event: 13.565 GC heap after
Heap after GC invocations=10 (full 2):
 PSYoungGen      total 326656K, used 14312K [0x00000000d5580000, 0x00000000ebd80000, 0x0000000100000000)
  eden space 312320K, 0% used [0x00000000d5580000,0x00000000d5580000,0x00000000e8680000)
  from space 14336K, 99% used [0x00000000e9880000,0x00000000ea67a348,0x00000000ea680000)
  to   space 18432K, 0% used [0x00000000e8680000,0x00000000e8680000,0x00000000e9880000)
 ParOldGen       total 82944K, used 20185K [0x0000000080000000, 0x0000000085100000, 0x00000000d5580000)
  object space 82944K, 24% used [0x0000000080000000,0x00000000813b66a0,0x0000000085100000)
 Metaspace       used 47747K, capacity 49536K, committed 49832K, reserved 1091584K
  class space    used 6450K, capacity 6816K, committed 6832K, reserved 1048576K
}
Event: 16.690 GC heap before
{Heap before GC invocations=11 (full 2):
 PSYoungGen      total 326656K, used 126550K [0x00000000d5580000, 0x00000000ebd80000, 0x0000000100000000)
  eden space 312320K, 35% used [0x00000000d5580000,0x00000000dc31b778,0x00000000e8680000)
  from space 14336K, 99% used [0x00000000e9880000,0x00000000ea67a348,0x00000000ea680000)
  to   space 18432K, 0% used [0x00000000e8680000,0x00000000e8680000,0x00000000e9880000)
 ParOldGen       total 82944K, used 20185K [0x0000000080000000, 0x0000000085100000, 0x00000000d5580000)
  object space 82944K, 24% used [0x0000000080000000,0x00000000813b66a0,0x0000000085100000)
 Metaspace       used 56840K, capacity 59096K, committed 59160K, reserved 1099776K
  class space    used 7775K, capacity 8231K, committed 8240K, reserved 1048576K
Event: 16.743 GC heap after
Heap after GC invocations=11 (full 2):
 PSYoungGen      total 330752K, used 18429K [0x00000000d5580000, 0x00000000f0100000, 0x0000000100000000)
  eden space 312320K, 0% used [0x00000000d5580000,0x00000000d5580000,0x00000000e8680000)
  from space 18432K, 99% used [0x00000000e8680000,0x00000000e987f630,0x00000000e9880000)
  to   space 23040K, 0% used [0x00000000eea80000,0x00000000eea80000,0x00000000f0100000)
 ParOldGen       total 82944K, used 24437K [0x0000000080000000, 0x0000000085100000, 0x00000000d5580000)
  object space 82944K, 29% used [0x0000000080000000,0x00000000817dd698,0x0000000085100000)
 Metaspace       used 56840K, capacity 59096K, committed 59160K, reserved 1099776K
  class space    used 7775K, capacity 8231K, committed 8240K, reserved 1048576K
}
Event: 16.743 GC heap before
{Heap before GC invocations=12 (full 3):
 PSYoungGen      total 330752K, used 18429K [0x00000000d5580000, 0x00000000f0100000, 0x0000000100000000)
  eden space 312320K, 0% used [0x00000000d5580000,0x00000000d5580000,0x00000000e8680000)
  from space 18432K, 99% used [0x00000000e8680000,0x00000000e987f630,0x00000000e9880000)
  to   space 23040K, 0% used [0x00000000eea80000,0x00000000eea80000,0x00000000f0100000)
 ParOldGen       total 82944K, used 24437K [0x0000000080000000, 0x0000000085100000, 0x00000000d5580000)
  object space 82944K, 29% used [0x0000000080000000,0x00000000817dd698,0x0000000085100000)
 Metaspace       used 56840K, capacity 59096K, committed 59160K, reserved 1099776K
  class space    used 7775K, capacity 8231K, committed 8240K, reserved 1048576K
Event: 17.155 GC heap after
Heap after GC invocations=12 (full 3):
 PSYoungGen      total 330752K, used 0K [0x00000000d5580000, 0x00000000f0100000, 0x0000000100000000)
  eden space 312320K, 0% used [0x00000000d5580000,0x00000000d5580000,0x00000000e8680000)
  from space 18432K, 0% used [0x00000000e8680000,0x00000000e8680000,0x00000000e9880000)
  to   space 23040K, 0% used [0x00000000eea80000,0x00000000eea80000,0x00000000f0100000)
 ParOldGen       total 128000K, used 34406K [0x0000000080000000, 0x0000000087d00000, 0x00000000d5580000)
  object space 128000K, 26% used [0x0000000080000000,0x0000000082199bd8,0x0000000087d00000)
 Metaspace       used 56836K, capacity 59084K, committed 59160K, reserved 1099776K
  class space    used 7774K, capacity 8229K, committed 8240K, reserved 1048576K
}

