# JRE version: OpenJDK Runtime Environment (8.0_242-b01) (build 1.8.0_242-release-1644-b01)
# Java VM: OpenJDK 64-Bit Server VM (25.242-b01 mixed mode windows-amd64 compressed oops)
Heap:
 PSYoungGen      total 315904K, used 127834K [0x00000000d5580000, 0x00000000ea680000, 0x0000000100000000)
  eden space 286720K, 35% used [0x00000000d5580000,0x00000000db92df50,0x00000000e6d80000)
  from space 29184K, 88% used [0x00000000e6d80000,0x00000000e86a8ca0,0x00000000e8a00000)
  to   space 22016K, 0% used [0x00000000e9100000,0x00000000e9100000,0x00000000ea680000)
 ParOldGen       total 126464K, used 62857K [0x0000000080000000, 0x0000000087b80000, 0x00000000d5580000)
  object space 126464K, 49% used [0x0000000080000000,0x0000000083d625a0,0x0000000087b80000)
 Metaspace       used 82869K, capacity 86598K, committed 86808K, reserved 1124352K
  class space    used 10875K, capacity 11555K, committed 11568K, reserved 1048576K
GC Heap History (10 events):
Event: 11.332 GC heap before
{Heap before GC invocations=12 (full 2):
 PSYoungGen      total 208896K, used 152372K [0x00000000d5580000, 0x00000000e6c80000, 0x0000000100000000)
  eden space 195584K, 71% used [0x00000000d5580000,0x00000000ddd505f0,0x00000000e1480000)
  from space 13312K, 99% used [0x00000000e1480000,0x00000000e217ccc0,0x00000000e2180000)
  to   space 16896K, 0% used [0x00000000e5c00000,0x00000000e5c00000,0x00000000e6c80000)
 ParOldGen       total 79360K, used 18385K [0x0000000080000000, 0x0000000084d80000, 0x00000000d5580000)
  object space 79360K, 23% used [0x0000000080000000,0x00000000811f46b0,0x0000000084d80000)
 Metaspace       used 56805K, capacity 59150K, committed 59160K, reserved 1099776K
  class space    used 7772K, capacity 8240K, committed 8240K, reserved 1048576K
Event: 11.372 GC heap after
Heap after GC invocations=12 (full 2):
 PSYoungGen      total 263680K, used 16876K [0x00000000d5580000, 0x00000000e7500000, 0x0000000100000000)
  eden space 246784K, 0% used [0x00000000d5580000,0x00000000d5580000,0x00000000e4680000)
  from space 16896K, 99% used [0x00000000e5c00000,0x00000000e6c7b320,0x00000000e6c80000)
  to   space 22016K, 0% used [0x00000000e4680000,0x00000000e4680000,0x00000000e5c00000)
 ParOldGen       total 79360K, used 25933K [0x0000000080000000, 0x0000000084d80000, 0x00000000d5580000)
  object space 79360K, 32% used [0x0000000080000000,0x0000000081953730,0x0000000084d80000)
 Metaspace       used 56805K, capacity 59150K, committed 59160K, reserved 1099776K
  class space    used 7772K, capacity 8240K, committed 8240K, reserved 1048576K
}
Event: 11.372 GC heap before
{Heap before GC invocations=13 (full 3):
 PSYoungGen      total 263680K, used 16876K [0x00000000d5580000, 0x00000000e7500000, 0x0000000100000000)
  eden space 246784K, 0% used [0x00000000d5580000,0x00000000d5580000,0x00000000e4680000)
  from space 16896K, 99% used [0x00000000e5c00000,0x00000000e6c7b320,0x00000000e6c80000)
  to   space 22016K, 0% used [0x00000000e4680000,0x00000000e4680000,0x00000000e5c00000)
 ParOldGen       total 79360K, used 25933K [0x0000000080000000, 0x0000000084d80000, 0x00000000d5580000)
  object space 79360K, 32% used [0x0000000080000000,0x0000000081953730,0x0000000084d80000)
 Metaspace       used 56805K, capacity 59150K, committed 59160K, reserved 1099776K
  class space    used 7772K, capacity 8240K, committed 8240K, reserved 1048576K
Event: 11.672 GC heap after
Heap after GC invocations=13 (full 3):
 PSYoungGen      total 263680K, used 0K [0x00000000d5580000, 0x00000000e7500000, 0x0000000100000000)
  eden space 246784K, 0% used [0x00000000d5580000,0x00000000d5580000,0x00000000e4680000)
  from space 16896K, 0% used [0x00000000e5c00000,0x00000000e5c00000,0x00000000e6c80000)
  to   space 22016K, 0% used [0x00000000e4680000,0x00000000e4680000,0x00000000e5c00000)
 ParOldGen       total 126464K, used 36211K [0x0000000080000000, 0x0000000087b80000, 0x00000000d5580000)
  object space 126464K, 28% used [0x0000000080000000,0x000000008235cf60,0x0000000087b80000)
 Metaspace       used 56786K, capacity 59084K, committed 59160K, reserved 1099776K
  class space    used 7766K, capacity 8229K, committed 8240K, reserved 1048576K
}
Event: 18.169 GC heap before
{Heap before GC invocations=14 (full 3):
 PSYoungGen      total 263680K, used 246784K [0x00000000d5580000, 0x00000000e7500000, 0x0000000100000000)
  eden space 246784K, 100% used [0x00000000d5580000,0x00000000e4680000,0x00000000e4680000)
  from space 16896K, 0% used [0x00000000e5c00000,0x00000000e5c00000,0x00000000e6c80000)
  to   space 22016K, 0% used [0x00000000e4680000,0x00000000e4680000,0x00000000e5c00000)
 ParOldGen       total 126464K, used 36211K [0x0000000080000000, 0x0000000087b80000, 0x00000000d5580000)
  object space 126464K, 28% used [0x0000000080000000,0x000000008235cf60,0x0000000087b80000)
 Metaspace       used 66301K, capacity 69388K, committed 69656K, reserved 1110016K
  class space    used 9069K, capacity 9695K, committed 9776K, reserved 1048576K
Event: 18.216 GC heap after
Heap after GC invocations=14 (full 3):
 PSYoungGen      total 268800K, used 21996K [0x00000000d5580000, 0x00000000eac80000, 0x0000000100000000)
  eden space 246784K, 0% used [0x00000000d5580000,0x00000000d5580000,0x00000000e4680000)
  from space 22016K, 99% used [0x00000000e4680000,0x00000000e5bfb040,0x00000000e5c00000)
  to   space 28160K, 0% used [0x00000000e9100000,0x00000000e9100000,0x00000000eac80000)
 ParOldGen       total 126464K, used 44386K [0x0000000080000000, 0x0000000087b80000, 0x00000000d5580000)
  object space 126464K, 35% used [0x0000000080000000,0x0000000082b58a98,0x0000000087b80000)
 Metaspace       used 66301K, capacity 69388K, committed 69656K, reserved 1110016K
  class space    used 9069K, capacity 9695K, committed 9776K, reserved 1048576K
}
Event: 56.191 GC heap before
{Heap before GC invocations=15 (full 3):
 PSYoungGen      total 268800K, used 268780K [0x00000000d5580000, 0x00000000eac80000, 0x0000000100000000)
  eden space 246784K, 100% used [0x00000000d5580000,0x00000000e4680000,0x00000000e4680000)
  from space 22016K, 99% used [0x00000000e4680000,0x00000000e5bfb040,0x00000000e5c00000)
  to   space 28160K, 0% used [0x00000000e9100000,0x00000000e9100000,0x00000000eac80000)
 ParOldGen       total 126464K, used 44386K [0x0000000080000000, 0x0000000087b80000, 0x00000000d5580000)
  object space 126464K, 35% used [0x0000000080000000,0x0000000082b58a98,0x0000000087b80000)
 Metaspace       used 73185K, capacity 76586K, committed 76824K, reserved 1116160K
  class space    used 9840K, capacity 10486K, committed 10544K, reserved 1048576K
Event: 56.253 GC heap after
Heap after GC invocations=15 (full 3):
 PSYoungGen      total 308736K, used 19000K [0x00000000d5580000, 0x00000000ea680000, 0x0000000100000000)
  eden space 286720K, 0% used [0x00000000d5580000,0x00000000d5580000,0x00000000e6d80000)
  from space 22016K, 86% used [0x00000000e9100000,0x00000000ea38e2b0,0x00000000ea680000)
  to   space 29184K, 0% used [0x00000000e6d80000,0x00000000e6d80000,0x00000000e8a00000)
 ParOldGen       total 126464K, used 62849K [0x0000000080000000, 0x0000000087b80000, 0x00000000d5580000)
  object space 126464K, 49% used [0x0000000080000000,0x0000000083d605a0,0x0000000087b80000)
 Metaspace       used 73185K, capacity 76586K, committed 76824K, reserved 1116160K
  class space    used 9840K, capacity 10486K, committed 10544K, reserved 1048576K
}
Event: 66.091 GC heap before
{Heap before GC invocations=16 (full 3):
 PSYoungGen      total 308736K, used 305720K [0x00000000d5580000, 0x00000000ea680000, 0x0000000100000000)
  eden space 286720K, 100% used [0x00000000d5580000,0x00000000e6d80000,0x00000000e6d80000)
  from space 22016K, 86% used [0x00000000e9100000,0x00000000ea38e2b0,0x00000000ea680000)
  to   space 29184K, 0% used [0x00000000e6d80000,0x00000000e6d80000,0x00000000e8a00000)
 ParOldGen       total 126464K, used 62849K [0x0000000080000000, 0x0000000087b80000, 0x00000000d5580000)
  object space 126464K, 49% used [0x0000000080000000,0x0000000083d605a0,0x0000000087b80000)
 Metaspace       used 81514K, capacity 85034K, committed 85272K, reserved 1124352K
  class space    used 10673K, capacity 11309K, committed 11312K, reserved 1048576K
Event: 66.150 GC heap after
Heap after GC invocations=16 (full 3):
 PSYoungGen      total 315904K, used 25763K [0x00000000d5580000, 0x00000000ea680000, 0x0000000100000000)
  eden space 286720K, 0% used [0x00000000d5580000,0x00000000d5580000,0x00000000e6d80000)
  from space 29184K, 88% used [0x00000000e6d80000,0x00000000e86a8ca0,0x00000000e8a00000)
  to   space 22016K, 0% used [0x00000000e9100000,0x00000000e9100000,0x00000000ea680000)
 ParOldGen       total 126464K, used 62857K [0x0000000080000000, 0x0000000087b80000, 0x00000000d5580000)
  object space 126464K, 49% used [0x0000000080000000,0x0000000083d625a0,0x0000000087b80000)
 Metaspace       used 81514K, capacity 85034K, committed 85272K, reserved 1124352K
  class space    used 10673K, capacity 11309K, committed 11312K, reserved 1048576K
}

