# JRE version: OpenJDK Runtime Environment (8.0_242-b01) (build 1.8.0_242-release-1644-b01)
# Java VM: OpenJDK 64-Bit Server VM (25.242-b01 mixed mode windows-amd64 compressed oops)
Heap:
 PSYoungGen      total 385024K, used 325589K [0x00000000d5580000, 0x00000000ee480000, 0x0000000100000000)
  eden space 361984K, 83% used [0x00000000d5580000,0x00000000e7cf8d10,0x00000000eb700000)
  from space 23040K, 99% used [0x00000000eb700000,0x00000000ecd7c930,0x00000000ecd80000)
  to   space 18944K, 0% used [0x00000000ecd80000,0x00000000ecd80000,0x00000000ee000000)
 ParOldGen       total 93184K, used 39590K [0x0000000080000000, 0x0000000085b00000, 0x00000000d5580000)
  object space 93184K, 42% used [0x0000000080000000,0x00000000826a9940,0x0000000085b00000)
 Metaspace       used 84484K, capacity 89312K, committed 89496K, reserved 1126400K
  class space    used 11645K, capacity 12602K, committed 12712K, reserved 1048576K
GC Heap History (10 events):
Event: 8.958 GC heap before
{Heap before GC invocations=10 (full 2):
 PSYoungGen      total 262144K, used 7888K [0x00000000d5580000, 0x00000000e6500000, 0x0000000100000000)
  eden space 249344K, 0% used [0x00000000d5580000,0x00000000d5580000,0x00000000e4900000)
  from space 12800K, 61% used [0x00000000e5880000,0x00000000e6034128,0x00000000e6500000)
  to   space 14336K, 0% used [0x00000000e4900000,0x00000000e4900000,0x00000000e5700000)
 ParOldGen       total 49664K, used 9320K [0x0000000080000000, 0x0000000083080000, 0x00000000d5580000)
  object space 49664K, 18% used [0x0000000080000000,0x000000008091a118,0x0000000083080000)
 Metaspace       used 34275K, capacity 35426K, committed 35496K, reserved 1079296K
  class space    used 4709K, capacity 5006K, committed 5032K, reserved 1048576K
Event: 9.029 GC heap after
Heap after GC invocations=10 (full 2):
 PSYoungGen      total 262144K, used 0K [0x00000000d5580000, 0x00000000e6500000, 0x0000000100000000)
  eden space 249344K, 0% used [0x00000000d5580000,0x00000000d5580000,0x00000000e4900000)
  from space 12800K, 0% used [0x00000000e5880000,0x00000000e5880000,0x00000000e6500000)
  to   space 14336K, 0% used [0x00000000e4900000,0x00000000e4900000,0x00000000e5700000)
 ParOldGen       total 63488K, used 14259K [0x0000000080000000, 0x0000000083e00000, 0x00000000d5580000)
  object space 63488K, 22% used [0x0000000080000000,0x0000000080dece10,0x0000000083e00000)
 Metaspace       used 34275K, capacity 35426K, committed 35496K, reserved 1079296K
  class space    used 4709K, capacity 5006K, committed 5032K, reserved 1048576K
}
Event: 17.368 GC heap before
{Heap before GC invocations=11 (full 2):
 PSYoungGen      total 262144K, used 249195K [0x00000000d5580000, 0x00000000e6500000, 0x0000000100000000)
  eden space 249344K, 99% used [0x00000000d5580000,0x00000000e48dad40,0x00000000e4900000)
  from space 12800K, 0% used [0x00000000e5880000,0x00000000e5880000,0x00000000e6500000)
  to   space 14336K, 0% used [0x00000000e4900000,0x00000000e4900000,0x00000000e5700000)
 ParOldGen       total 63488K, used 14259K [0x0000000080000000, 0x0000000083e00000, 0x00000000d5580000)
  object space 63488K, 22% used [0x0000000080000000,0x0000000080dece10,0x0000000083e00000)
 Metaspace       used 48007K, capacity 49866K, committed 50216K, reserved 1093632K
  class space    used 6474K, capacity 6829K, committed 6952K, reserved 1048576K
Event: 17.411 GC heap after
Heap after GC invocations=11 (full 2):
 PSYoungGen      total 263680K, used 14312K [0x00000000d5580000, 0x00000000ee000000, 0x0000000100000000)
  eden space 249344K, 0% used [0x00000000d5580000,0x00000000d5580000,0x00000000e4900000)
  from space 14336K, 99% used [0x00000000e4900000,0x00000000e56fa3d0,0x00000000e5700000)
  to   space 18944K, 0% used [0x00000000ecd80000,0x00000000ecd80000,0x00000000ee000000)
 ParOldGen       total 63488K, used 20866K [0x0000000080000000, 0x0000000083e00000, 0x00000000d5580000)
  object space 63488K, 32% used [0x0000000080000000,0x0000000081460958,0x0000000083e00000)
 Metaspace       used 48007K, capacity 49866K, committed 50216K, reserved 1093632K
  class space    used 6474K, capacity 6829K, committed 6952K, reserved 1048576K
}
Event: 19.244 GC heap before
{Heap before GC invocations=12 (full 2):
 PSYoungGen      total 263680K, used 118702K [0x00000000d5580000, 0x00000000ee000000, 0x0000000100000000)
  eden space 249344K, 41% used [0x00000000d5580000,0x00000000dbb71538,0x00000000e4900000)
  from space 14336K, 99% used [0x00000000e4900000,0x00000000e56fa3d0,0x00000000e5700000)
  to   space 18944K, 0% used [0x00000000ecd80000,0x00000000ecd80000,0x00000000ee000000)
 ParOldGen       total 63488K, used 20866K [0x0000000080000000, 0x0000000083e00000, 0x00000000d5580000)
  object space 63488K, 32% used [0x0000000080000000,0x0000000081460958,0x0000000083e00000)
 Metaspace       used 56738K, capacity 59088K, committed 59160K, reserved 1099776K
  class space    used 7760K, capacity 8213K, committed 8232K, reserved 1048576K
Event: 19.293 GC heap after
Heap after GC invocations=12 (full 2):
 PSYoungGen      total 380928K, used 18935K [0x00000000d5580000, 0x00000000ee480000, 0x0000000100000000)
  eden space 361984K, 0% used [0x00000000d5580000,0x00000000d5580000,0x00000000eb700000)
  from space 18944K, 99% used [0x00000000ecd80000,0x00000000edffdce8,0x00000000ee000000)
  to   space 23040K, 0% used [0x00000000eb700000,0x00000000eb700000,0x00000000ecd80000)
 ParOldGen       total 63488K, used 24125K [0x0000000080000000, 0x0000000083e00000, 0x00000000d5580000)
  object space 63488K, 37% used [0x0000000080000000,0x000000008178f598,0x0000000083e00000)
 Metaspace       used 56738K, capacity 59088K, committed 59160K, reserved 1099776K
  class space    used 7760K, capacity 8213K, committed 8232K, reserved 1048576K
}
Event: 19.293 GC heap before
{Heap before GC invocations=13 (full 3):
 PSYoungGen      total 380928K, used 18935K [0x00000000d5580000, 0x00000000ee480000, 0x0000000100000000)
  eden space 361984K, 0% used [0x00000000d5580000,0x00000000d5580000,0x00000000eb700000)
  from space 18944K, 99% used [0x00000000ecd80000,0x00000000edffdce8,0x00000000ee000000)
  to   space 23040K, 0% used [0x00000000eb700000,0x00000000eb700000,0x00000000ecd80000)
 ParOldGen       total 63488K, used 24125K [0x0000000080000000, 0x0000000083e00000, 0x00000000d5580000)
  object space 63488K, 37% used [0x0000000080000000,0x000000008178f598,0x0000000083e00000)
 Metaspace       used 56738K, capacity 59088K, committed 59160K, reserved 1099776K
  class space    used 7760K, capacity 8213K, committed 8232K, reserved 1048576K
Event: 19.617 GC heap after
Heap after GC invocations=13 (full 3):
 PSYoungGen      total 380928K, used 0K [0x00000000d5580000, 0x00000000ee480000, 0x0000000100000000)
  eden space 361984K, 0% used [0x00000000d5580000,0x00000000d5580000,0x00000000eb700000)
  from space 18944K, 0% used [0x00000000ecd80000,0x00000000ecd80000,0x00000000ee000000)
  to   space 23040K, 0% used [0x00000000eb700000,0x00000000eb700000,0x00000000ecd80000)
 ParOldGen       total 93184K, used 33945K [0x0000000080000000, 0x0000000085b00000, 0x00000000d5580000)
  object space 93184K, 36% used [0x0000000080000000,0x00000000821266b8,0x0000000085b00000)
 Metaspace       used 56711K, capacity 58998K, committed 59160K, reserved 1099776K
  class space    used 7751K, capacity 8198K, committed 8232K, reserved 1048576K
}
Event: 31.875 GC heap before
{Heap before GC invocations=14 (full 3):
 PSYoungGen      total 380928K, used 361984K [0x00000000d5580000, 0x00000000ee480000, 0x0000000100000000)
  eden space 361984K, 100% used [0x00000000d5580000,0x00000000eb700000,0x00000000eb700000)
  from space 18944K, 0% used [0x00000000ecd80000,0x00000000ecd80000,0x00000000ee000000)
  to   space 23040K, 0% used [0x00000000eb700000,0x00000000eb700000,0x00000000ecd80000)
 ParOldGen       total 93184K, used 33945K [0x0000000080000000, 0x0000000085b00000, 0x00000000d5580000)
  object space 93184K, 36% used [0x0000000080000000,0x00000000821266b8,0x0000000085b00000)
 Metaspace       used 69866K, capacity 73228K, committed 73496K, reserved 1112064K
  class space    used 9523K, capacity 10167K, committed 10280K, reserved 1048576K
Event: 31.929 GC heap after
Heap after GC invocations=14 (full 3):
 PSYoungGen      total 385024K, used 23026K [0x00000000d5580000, 0x00000000ee480000, 0x0000000100000000)
  eden space 361984K, 0% used [0x00000000d5580000,0x00000000d5580000,0x00000000eb700000)
  from space 23040K, 99% used [0x00000000eb700000,0x00000000ecd7c930,0x00000000ecd80000)
  to   space 18944K, 0% used [0x00000000ecd80000,0x00000000ecd80000,0x00000000ee000000)
 ParOldGen       total 93184K, used 39590K [0x0000000080000000, 0x0000000085b00000, 0x00000000d5580000)
  object space 93184K, 42% used [0x0000000080000000,0x00000000826a9940,0x0000000085b00000)
 Metaspace       used 69866K, capacity 73228K, committed 73496K, reserved 1112064K
  class space    used 9523K, capacity 10167K, committed 10280K, reserved 1048576K
}

