# JRE version: OpenJDK Runtime Environment (8.0_242-b01) (build 1.8.0_242-release-1644-b01)
# Java VM: OpenJDK 64-Bit Server VM (25.242-b01 mixed mode windows-amd64 compressed oops)
Heap:
 PSYoungGen      total 257024K, used 35289K [0x00000000d5580000, 0x00000000e9f00000, 0x0000000100000000)
  eden space 236032K, 6% used [0x00000000d5580000,0x00000000d637c8e8,0x00000000e3c00000)
  from space 20992K, 99% used [0x00000000e3c00000,0x00000000e5079da8,0x00000000e5080000)
  to   space 27648K, 0% used [0x00000000e8400000,0x00000000e8400000,0x00000000e9f00000)
 ParOldGen       total 129536K, used 45596K [0x0000000080000000, 0x0000000087e80000, 0x00000000d5580000)
  object space 129536K, 35% used [0x0000000080000000,0x0000000082c87250,0x0000000087e80000)
 Metaspace       used 67446K, capacity 70618K, committed 70808K, reserved 1110016K
  class space    used 9218K, capacity 9830K, committed 9904K, reserved 1048576K
GC Heap History (10 events):
Event: 6.172 GC heap before
{Heap before GC invocations=10 (full 2):
 PSYoungGen      total 200704K, used 8464K [0x00000000d5580000, 0x00000000e2e80000, 0x0000000100000000)
  eden space 186880K, 0% used [0x00000000d5580000,0x00000000d5580000,0x00000000e0c00000)
  from space 13824K, 61% used [0x00000000e1980000,0x00000000e21c4390,0x00000000e2700000)
  to   space 13824K, 0% used [0x00000000e0c00000,0x00000000e0c00000,0x00000000e1980000)
 ParOldGen       total 55296K, used 10950K [0x0000000080000000, 0x0000000083600000, 0x00000000d5580000)
  object space 55296K, 19% used [0x0000000080000000,0x0000000080ab18f8,0x0000000083600000)
 Metaspace       used 34361K, capacity 35432K, committed 35496K, reserved 1079296K
  class space    used 4734K, capacity 5007K, committed 5040K, reserved 1048576K
Event: 6.239 GC heap after
Heap after GC invocations=10 (full 2):
 PSYoungGen      total 200704K, used 0K [0x00000000d5580000, 0x00000000e2e80000, 0x0000000100000000)
  eden space 186880K, 0% used [0x00000000d5580000,0x00000000d5580000,0x00000000e0c00000)
  from space 13824K, 0% used [0x00000000e1980000,0x00000000e1980000,0x00000000e2700000)
  to   space 13824K, 0% used [0x00000000e0c00000,0x00000000e0c00000,0x00000000e1980000)
 ParOldGen       total 82432K, used 14830K [0x0000000080000000, 0x0000000085080000, 0x00000000d5580000)
  object space 82432K, 17% used [0x0000000080000000,0x0000000080e7b820,0x0000000085080000)
 Metaspace       used 34361K, capacity 35432K, committed 35496K, reserved 1079296K
  class space    used 4734K, capacity 5007K, committed 5040K, reserved 1048576K
}
Event: 8.014 GC heap before
{Heap before GC invocations=11 (full 2):
 PSYoungGen      total 200704K, used 186880K [0x00000000d5580000, 0x00000000e2e80000, 0x0000000100000000)
  eden space 186880K, 100% used [0x00000000d5580000,0x00000000e0c00000,0x00000000e0c00000)
  from space 13824K, 0% used [0x00000000e1980000,0x00000000e1980000,0x00000000e2700000)
  to   space 13824K, 0% used [0x00000000e0c00000,0x00000000e0c00000,0x00000000e1980000)
 ParOldGen       total 82432K, used 14830K [0x0000000080000000, 0x0000000085080000, 0x00000000d5580000)
  object space 82432K, 17% used [0x0000000080000000,0x0000000080e7b820,0x0000000085080000)
 Metaspace       used 45427K, capacity 47200K, committed 47528K, reserved 1089536K
  class space    used 6156K, capacity 6492K, committed 6576K, reserved 1048576K
Event: 8.037 GC heap after
Heap after GC invocations=11 (full 2):
 PSYoungGen      total 200704K, used 13796K [0x00000000d5580000, 0x00000000e6000000, 0x0000000100000000)
  eden space 186880K, 0% used [0x00000000d5580000,0x00000000d5580000,0x00000000e0c00000)
  from space 13824K, 99% used [0x00000000e0c00000,0x00000000e19792a0,0x00000000e1980000)
  to   space 15872K, 0% used [0x00000000e5080000,0x00000000e5080000,0x00000000e6000000)
 ParOldGen       total 82432K, used 15687K [0x0000000080000000, 0x0000000085080000, 0x00000000d5580000)
  object space 82432K, 19% used [0x0000000080000000,0x0000000080f51ca8,0x0000000085080000)
 Metaspace       used 45427K, capacity 47200K, committed 47528K, reserved 1089536K
  class space    used 6156K, capacity 6492K, committed 6576K, reserved 1048576K
}
Event: 9.860 GC heap before
{Heap before GC invocations=12 (full 2):
 PSYoungGen      total 200704K, used 155707K [0x00000000d5580000, 0x00000000e6000000, 0x0000000100000000)
  eden space 186880K, 75% used [0x00000000d5580000,0x00000000de015ab0,0x00000000e0c00000)
  from space 13824K, 99% used [0x00000000e0c00000,0x00000000e19792a0,0x00000000e1980000)
  to   space 15872K, 0% used [0x00000000e5080000,0x00000000e5080000,0x00000000e6000000)
 ParOldGen       total 82432K, used 15687K [0x0000000080000000, 0x0000000085080000, 0x00000000d5580000)
  object space 82432K, 19% used [0x0000000080000000,0x0000000080f51ca8,0x0000000085080000)
 Metaspace       used 56758K, capacity 59092K, committed 59160K, reserved 1099776K
  class space    used 7774K, capacity 8215K, committed 8240K, reserved 1048576K
Event: 9.909 GC heap after
Heap after GC invocations=12 (full 2):
 PSYoungGen      total 251904K, used 15852K [0x00000000d5580000, 0x00000000e6c00000, 0x0000000100000000)
  eden space 236032K, 0% used [0x00000000d5580000,0x00000000d5580000,0x00000000e3c00000)
  from space 15872K, 99% used [0x00000000e5080000,0x00000000e5ffb310,0x00000000e6000000)
  to   space 20992K, 0% used [0x00000000e3c00000,0x00000000e3c00000,0x00000000e5080000)
 ParOldGen       total 82432K, used 24245K [0x0000000080000000, 0x0000000085080000, 0x00000000d5580000)
  object space 82432K, 29% used [0x0000000080000000,0x00000000817ad698,0x0000000085080000)
 Metaspace       used 56758K, capacity 59092K, committed 59160K, reserved 1099776K
  class space    used 7774K, capacity 8215K, committed 8240K, reserved 1048576K
}
Event: 9.909 GC heap before
{Heap before GC invocations=13 (full 3):
 PSYoungGen      total 251904K, used 15852K [0x00000000d5580000, 0x00000000e6c00000, 0x0000000100000000)
  eden space 236032K, 0% used [0x00000000d5580000,0x00000000d5580000,0x00000000e3c00000)
  from space 15872K, 99% used [0x00000000e5080000,0x00000000e5ffb310,0x00000000e6000000)
  to   space 20992K, 0% used [0x00000000e3c00000,0x00000000e3c00000,0x00000000e5080000)
 ParOldGen       total 82432K, used 24245K [0x0000000080000000, 0x0000000085080000, 0x00000000d5580000)
  object space 82432K, 29% used [0x0000000080000000,0x00000000817ad698,0x0000000085080000)
 Metaspace       used 56758K, capacity 59092K, committed 59160K, reserved 1099776K
  class space    used 7774K, capacity 8215K, committed 8240K, reserved 1048576K
Event: 10.199 GC heap after
Heap after GC invocations=13 (full 3):
 PSYoungGen      total 251904K, used 0K [0x00000000d5580000, 0x00000000e6c00000, 0x0000000100000000)
  eden space 236032K, 0% used [0x00000000d5580000,0x00000000d5580000,0x00000000e3c00000)
  from space 15872K, 0% used [0x00000000e5080000,0x00000000e5080000,0x00000000e6000000)
  to   space 20992K, 0% used [0x00000000e3c00000,0x00000000e3c00000,0x00000000e5080000)
 ParOldGen       total 129536K, used 36197K [0x0000000080000000, 0x0000000087e80000, 0x00000000d5580000)
  object space 129536K, 27% used [0x0000000080000000,0x00000000823595a8,0x0000000087e80000)
 Metaspace       used 56726K, capacity 58984K, committed 59160K, reserved 1099776K
  class space    used 7764K, capacity 8197K, committed 8240K, reserved 1048576K
}
Event: 15.332 GC heap before
{Heap before GC invocations=14 (full 3):
 PSYoungGen      total 251904K, used 236032K [0x00000000d5580000, 0x00000000e6c00000, 0x0000000100000000)
  eden space 236032K, 100% used [0x00000000d5580000,0x00000000e3c00000,0x00000000e3c00000)
  from space 15872K, 0% used [0x00000000e5080000,0x00000000e5080000,0x00000000e6000000)
  to   space 20992K, 0% used [0x00000000e3c00000,0x00000000e3c00000,0x00000000e5080000)
 ParOldGen       total 129536K, used 36197K [0x0000000080000000, 0x0000000087e80000, 0x00000000d5580000)
  object space 129536K, 27% used [0x0000000080000000,0x00000000823595a8,0x0000000087e80000)
 Metaspace       used 67115K, capacity 70266K, committed 70552K, reserved 1110016K
  class space    used 9183K, capacity 9798K, committed 9904K, reserved 1048576K
Event: 15.383 GC heap after
Heap after GC invocations=14 (full 3):
 PSYoungGen      total 257024K, used 20967K [0x00000000d5580000, 0x00000000e9f00000, 0x0000000100000000)
  eden space 236032K, 0% used [0x00000000d5580000,0x00000000d5580000,0x00000000e3c00000)
  from space 20992K, 99% used [0x00000000e3c00000,0x00000000e5079da8,0x00000000e5080000)
  to   space 27648K, 0% used [0x00000000e8400000,0x00000000e8400000,0x00000000e9f00000)
 ParOldGen       total 129536K, used 45596K [0x0000000080000000, 0x0000000087e80000, 0x00000000d5580000)
  object space 129536K, 35% used [0x0000000080000000,0x0000000082c87250,0x0000000087e80000)
 Metaspace       used 67115K, capacity 70266K, committed 70552K, reserved 1110016K
  class space    used 9183K, capacity 9798K, committed 9904K, reserved 1048576K
}

