# JRE version: OpenJDK Runtime Environment (8.0_242-b01) (build 1.8.0_242-release-1644-b01)
# Java VM: OpenJDK 64-Bit Server VM (25.242-b01 mixed mode windows-amd64 compressed oops)
Heap:
 PSYoungGen      total 275456K, used 209213K [0x00000000d5580000, 0x00000000e8000000, 0x0000000100000000)
  eden space 258560K, 80% used [0x00000000d5580000,0x00000000e21cf430,0x00000000e5200000)
  from space 16896K, 0% used [0x00000000e6780000,0x00000000e6780000,0x00000000e7800000)
  to   space 22016K, 0% used [0x00000000e5200000,0x00000000e5200000,0x00000000e6780000)
 ParOldGen       total 118784K, used 36167K [0x0000000080000000, 0x0000000087400000, 0x00000000d5580000)
  object space 118784K, 30% used [0x0000000080000000,0x0000000082351da8,0x0000000087400000)
 Metaspace       used 65705K, capacity 68862K, committed 69144K, reserved 1107968K
  class space    used 9062K, capacity 9696K, committed 9776K, reserved 1048576K
GC Heap History (10 events):
Event: 7.208 GC heap before
{Heap before GC invocations=9 (full 1):
 PSYoungGen      total 129536K, used 52796K [0x00000000d5580000, 0x00000000e3080000, 0x0000000100000000)
  eden space 118784K, 35% used [0x00000000d5580000,0x00000000d7e8f5f0,0x00000000dc980000)
  from space 10752K, 99% used [0x00000000dc980000,0x00000000dd3ffc78,0x00000000dd400000)
  to   space 13824K, 0% used [0x00000000e2300000,0x00000000e2300000,0x00000000e3080000)
 ParOldGen       total 53248K, used 10844K [0x0000000080000000, 0x0000000083400000, 0x00000000d5580000)
  object space 53248K, 20% used [0x0000000080000000,0x0000000080a97188,0x0000000083400000)
 Metaspace       used 34313K, capacity 35426K, committed 35496K, reserved 1079296K
  class space    used 4716K, capacity 5006K, committed 5040K, reserved 1048576K
Event: 7.225 GC heap after
Heap after GC invocations=9 (full 1):
 PSYoungGen      total 210944K, used 8287K [0x00000000d5580000, 0x00000000e3680000, 0x0000000100000000)
  eden space 197120K, 0% used [0x00000000d5580000,0x00000000d5580000,0x00000000e1600000)
  from space 13824K, 59% used [0x00000000e2300000,0x00000000e2b17ec8,0x00000000e3080000)
  to   space 13312K, 0% used [0x00000000e1600000,0x00000000e1600000,0x00000000e2300000)
 ParOldGen       total 53248K, used 10852K [0x0000000080000000, 0x0000000083400000, 0x00000000d5580000)
  object space 53248K, 20% used [0x0000000080000000,0x0000000080a99188,0x0000000083400000)
 Metaspace       used 34313K, capacity 35426K, committed 35496K, reserved 1079296K
  class space    used 4716K, capacity 5006K, committed 5040K, reserved 1048576K
}
Event: 7.226 GC heap before
{Heap before GC invocations=10 (full 2):
 PSYoungGen      total 210944K, used 8287K [0x00000000d5580000, 0x00000000e3680000, 0x0000000100000000)
  eden space 197120K, 0% used [0x00000000d5580000,0x00000000d5580000,0x00000000e1600000)
  from space 13824K, 59% used [0x00000000e2300000,0x00000000e2b17ec8,0x00000000e3080000)
  to   space 13312K, 0% used [0x00000000e1600000,0x00000000e1600000,0x00000000e2300000)
 ParOldGen       total 53248K, used 10852K [0x0000000080000000, 0x0000000083400000, 0x00000000d5580000)
  object space 53248K, 20% used [0x0000000080000000,0x0000000080a99188,0x0000000083400000)
 Metaspace       used 34313K, capacity 35426K, committed 35496K, reserved 1079296K
  class space    used 4716K, capacity 5006K, committed 5040K, reserved 1048576K
Event: 7.294 GC heap after
Heap after GC invocations=10 (full 2):
 PSYoungGen      total 210944K, used 0K [0x00000000d5580000, 0x00000000e3680000, 0x0000000100000000)
  eden space 197120K, 0% used [0x00000000d5580000,0x00000000d5580000,0x00000000e1600000)
  from space 13824K, 0% used [0x00000000e2300000,0x00000000e2300000,0x00000000e3080000)
  to   space 13312K, 0% used [0x00000000e1600000,0x00000000e1600000,0x00000000e2300000)
 ParOldGen       total 75264K, used 14736K [0x0000000080000000, 0x0000000084980000, 0x00000000d5580000)
  object space 75264K, 19% used [0x0000000080000000,0x0000000080e64188,0x0000000084980000)
 Metaspace       used 34313K, capacity 35426K, committed 35496K, reserved 1079296K
  class space    used 4716K, capacity 5006K, committed 5040K, reserved 1048576K
}
Event: 9.695 GC heap before
{Heap before GC invocations=11 (full 2):
 PSYoungGen      total 210944K, used 197120K [0x00000000d5580000, 0x00000000e3680000, 0x0000000100000000)
  eden space 197120K, 100% used [0x00000000d5580000,0x00000000e1600000,0x00000000e1600000)
  from space 13824K, 0% used [0x00000000e2300000,0x00000000e2300000,0x00000000e3080000)
  to   space 13312K, 0% used [0x00000000e1600000,0x00000000e1600000,0x00000000e2300000)
 ParOldGen       total 75264K, used 14736K [0x0000000080000000, 0x0000000084980000, 0x00000000d5580000)
  object space 75264K, 19% used [0x0000000080000000,0x0000000080e64188,0x0000000084980000)
 Metaspace       used 45444K, capacity 47268K, committed 47528K, reserved 1089536K
  class space    used 6151K, capacity 6492K, committed 6576K, reserved 1048576K
Event: 9.721 GC heap after
Heap after GC invocations=11 (full 2):
 PSYoungGen      total 210432K, used 13307K [0x00000000d5580000, 0x00000000e7800000, 0x0000000100000000)
  eden space 197120K, 0% used [0x00000000d5580000,0x00000000d5580000,0x00000000e1600000)
  from space 13312K, 99% used [0x00000000e1600000,0x00000000e22fee38,0x00000000e2300000)
  to   space 16896K, 0% used [0x00000000e6780000,0x00000000e6780000,0x00000000e7800000)
 ParOldGen       total 75264K, used 18567K [0x0000000080000000, 0x0000000084980000, 0x00000000d5580000)
  object space 75264K, 24% used [0x0000000080000000,0x0000000081221d98,0x0000000084980000)
 Metaspace       used 45444K, capacity 47268K, committed 47528K, reserved 1089536K
  class space    used 6151K, capacity 6492K, committed 6576K, reserved 1048576K
}
Event: 11.876 GC heap before
{Heap before GC invocations=12 (full 2):
 PSYoungGen      total 210432K, used 149611K [0x00000000d5580000, 0x00000000e7800000, 0x0000000100000000)
  eden space 197120K, 69% used [0x00000000d5580000,0x00000000dda9bed8,0x00000000e1600000)
  from space 13312K, 99% used [0x00000000e1600000,0x00000000e22fee38,0x00000000e2300000)
  to   space 16896K, 0% used [0x00000000e6780000,0x00000000e6780000,0x00000000e7800000)
 ParOldGen       total 75264K, used 18567K [0x0000000080000000, 0x0000000084980000, 0x00000000d5580000)
  object space 75264K, 24% used [0x0000000080000000,0x0000000081221d98,0x0000000084980000)
 Metaspace       used 56784K, capacity 59096K, committed 59160K, reserved 1099776K
  class space    used 7772K, capacity 8215K, committed 8240K, reserved 1048576K
Event: 11.916 GC heap after
Heap after GC invocations=12 (full 2):
 PSYoungGen      total 275456K, used 16876K [0x00000000d5580000, 0x00000000e8000000, 0x0000000100000000)
  eden space 258560K, 0% used [0x00000000d5580000,0x00000000d5580000,0x00000000e5200000)
  from space 16896K, 99% used [0x00000000e6780000,0x00000000e77fb330,0x00000000e7800000)
  to   space 22016K, 0% used [0x00000000e5200000,0x00000000e5200000,0x00000000e6780000)
 ParOldGen       total 75264K, used 26102K [0x0000000080000000, 0x0000000084980000, 0x00000000d5580000)
  object space 75264K, 34% used [0x0000000080000000,0x000000008197d998,0x0000000084980000)
 Metaspace       used 56784K, capacity 59096K, committed 59160K, reserved 1099776K
  class space    used 7772K, capacity 8215K, committed 8240K, reserved 1048576K
}
Event: 11.916 GC heap before
{Heap before GC invocations=13 (full 3):
 PSYoungGen      total 275456K, used 16876K [0x00000000d5580000, 0x00000000e8000000, 0x0000000100000000)
  eden space 258560K, 0% used [0x00000000d5580000,0x00000000d5580000,0x00000000e5200000)
  from space 16896K, 99% used [0x00000000e6780000,0x00000000e77fb330,0x00000000e7800000)
  to   space 22016K, 0% used [0x00000000e5200000,0x00000000e5200000,0x00000000e6780000)
 ParOldGen       total 75264K, used 26102K [0x0000000080000000, 0x0000000084980000, 0x00000000d5580000)
  object space 75264K, 34% used [0x0000000080000000,0x000000008197d998,0x0000000084980000)
 Metaspace       used 56784K, capacity 59096K, committed 59160K, reserved 1099776K
  class space    used 7772K, capacity 8215K, committed 8240K, reserved 1048576K
Event: 12.185 GC heap after
Heap after GC invocations=13 (full 3):
 PSYoungGen      total 275456K, used 0K [0x00000000d5580000, 0x00000000e8000000, 0x0000000100000000)
  eden space 258560K, 0% used [0x00000000d5580000,0x00000000d5580000,0x00000000e5200000)
  from space 16896K, 0% used [0x00000000e6780000,0x00000000e6780000,0x00000000e7800000)
  to   space 22016K, 0% used [0x00000000e5200000,0x00000000e5200000,0x00000000e6780000)
 ParOldGen       total 118784K, used 36167K [0x0000000080000000, 0x0000000087400000, 0x00000000d5580000)
  object space 118784K, 30% used [0x0000000080000000,0x0000000082351da8,0x0000000087400000)
 Metaspace       used 56752K, capacity 58988K, committed 59160K, reserved 1099776K
  class space    used 7762K, capacity 8197K, committed 8240K, reserved 1048576K
}

