# JRE version: OpenJDK Runtime Environment (8.0_242-b01) (build 1.8.0_242-release-1644-b01)
# Java VM: OpenJDK 64-Bit Server VM (25.242-b01 mixed mode windows-amd64 compressed oops)
Heap:
 PSYoungGen      total 430592K, used 322331K [0x00000000d5580000, 0x00000000f5480000, 0x0000000100000000)
  eden space 402432K, 74% used [0x00000000d5580000,0x00000000e7906c10,0x00000000ede80000)
  from space 28160K, 84% used [0x00000000ede80000,0x00000000ef5c03a8,0x00000000efa00000)
  to   space 30720K, 0% used [0x00000000f3680000,0x00000000f3680000,0x00000000f5480000)
 ParOldGen       total 126464K, used 55830K [0x0000000080000000, 0x0000000087b80000, 0x00000000d5580000)
  object space 126464K, 44% used [0x0000000080000000,0x0000000083685b50,0x0000000087b80000)
 Metaspace       used 90771K, capacity 95418K, committed 95768K, reserved 1132544K
  class space    used 12100K, capacity 12989K, committed 13104K, reserved 1048576K
GC Heap History (10 events):
Event: 13.407 GC heap before
{Heap before GC invocations=10 (full 2):
 PSYoungGen      total 245248K, used 230187K [0x00000000d5580000, 0x00000000eb580000, 0x0000000100000000)
  eden space 230400K, 99% used [0x00000000d5580000,0x00000000e364ad08,0x00000000e3680000)
  from space 14848K, 0% used [0x00000000e3680000,0x00000000e3680000,0x00000000e4500000)
  to   space 13824K, 0% used [0x00000000ea800000,0x00000000ea800000,0x00000000eb580000)
 ParOldGen       total 81408K, used 14600K [0x0000000080000000, 0x0000000084f80000, 0x00000000d5580000)
  object space 81408K, 17% used [0x0000000080000000,0x0000000080e42208,0x0000000084f80000)
 Metaspace       used 47943K, capacity 49774K, committed 49960K, reserved 1091584K
  class space    used 6470K, capacity 6851K, committed 6960K, reserved 1048576K
Event: 13.455 GC heap after
Heap after GC invocations=10 (full 2):
 PSYoungGen      total 341504K, used 13800K [0x00000000d5580000, 0x00000000ebb00000, 0x0000000100000000)
  eden space 327680K, 0% used [0x00000000d5580000,0x00000000d5580000,0x00000000e9580000)
  from space 13824K, 99% used [0x00000000ea800000,0x00000000eb57a310,0x00000000eb580000)
  to   space 18944K, 0% used [0x00000000e9580000,0x00000000e9580000,0x00000000ea800000)
 ParOldGen       total 81408K, used 21209K [0x0000000080000000, 0x0000000084f80000, 0x00000000d5580000)
  object space 81408K, 26% used [0x0000000080000000,0x00000000814b6408,0x0000000084f80000)
 Metaspace       used 47943K, capacity 49774K, committed 49960K, reserved 1091584K
  class space    used 6470K, capacity 6851K, committed 6960K, reserved 1048576K
}
Event: 16.011 GC heap before
{Heap before GC invocations=11 (full 2):
 PSYoungGen      total 341504K, used 130845K [0x00000000d5580000, 0x00000000ebb00000, 0x0000000100000000)
  eden space 327680K, 35% used [0x00000000d5580000,0x00000000dc7cd0f8,0x00000000e9580000)
  from space 13824K, 99% used [0x00000000ea800000,0x00000000eb57a310,0x00000000eb580000)
  to   space 18944K, 0% used [0x00000000e9580000,0x00000000e9580000,0x00000000ea800000)
 ParOldGen       total 81408K, used 21209K [0x0000000080000000, 0x0000000084f80000, 0x00000000d5580000)
  object space 81408K, 26% used [0x0000000080000000,0x00000000814b6408,0x0000000084f80000)
 Metaspace       used 56822K, capacity 59114K, committed 59160K, reserved 1099776K
  class space    used 7776K, capacity 8234K, committed 8240K, reserved 1048576K
Event: 16.069 GC heap after
Heap after GC invocations=11 (full 2):
 PSYoungGen      total 346624K, used 18913K [0x00000000d5580000, 0x00000000f1580000, 0x0000000100000000)
  eden space 327680K, 0% used [0x00000000d5580000,0x00000000d5580000,0x00000000e9580000)
  from space 18944K, 99% used [0x00000000e9580000,0x00000000ea7f8518,0x00000000ea800000)
  to   space 23040K, 0% used [0x00000000eff00000,0x00000000eff00000,0x00000000f1580000)
 ParOldGen       total 81408K, used 24625K [0x0000000080000000, 0x0000000084f80000, 0x00000000d5580000)
  object space 81408K, 30% used [0x0000000080000000,0x000000008180c580,0x0000000084f80000)
 Metaspace       used 56822K, capacity 59114K, committed 59160K, reserved 1099776K
  class space    used 7776K, capacity 8234K, committed 8240K, reserved 1048576K
}
Event: 16.070 GC heap before
{Heap before GC invocations=12 (full 3):
 PSYoungGen      total 346624K, used 18913K [0x00000000d5580000, 0x00000000f1580000, 0x0000000100000000)
  eden space 327680K, 0% used [0x00000000d5580000,0x00000000d5580000,0x00000000e9580000)
  from space 18944K, 99% used [0x00000000e9580000,0x00000000ea7f8518,0x00000000ea800000)
  to   space 23040K, 0% used [0x00000000eff00000,0x00000000eff00000,0x00000000f1580000)
 ParOldGen       total 81408K, used 24625K [0x0000000080000000, 0x0000000084f80000, 0x00000000d5580000)
  object space 81408K, 30% used [0x0000000080000000,0x000000008180c580,0x0000000084f80000)
 Metaspace       used 56822K, capacity 59114K, committed 59160K, reserved 1099776K
  class space    used 7776K, capacity 8234K, committed 8240K, reserved 1048576K
Event: 16.469 GC heap after
Heap after GC invocations=12 (full 3):
 PSYoungGen      total 346624K, used 0K [0x00000000d5580000, 0x00000000f1580000, 0x0000000100000000)
  eden space 327680K, 0% used [0x00000000d5580000,0x00000000d5580000,0x00000000e9580000)
  from space 18944K, 0% used [0x00000000e9580000,0x00000000e9580000,0x00000000ea800000)
  to   space 23040K, 0% used [0x00000000eff00000,0x00000000eff00000,0x00000000f1580000)
 ParOldGen       total 126464K, used 34133K [0x0000000080000000, 0x0000000087b80000, 0x00000000d5580000)
  object space 126464K, 26% used [0x0000000080000000,0x0000000082155590,0x0000000087b80000)
 Metaspace       used 56813K, capacity 59084K, committed 59160K, reserved 1099776K
  class space    used 7773K, capacity 8229K, committed 8240K, reserved 1048576K
}
Event: 23.579 GC heap before
{Heap before GC invocations=13 (full 3):
 PSYoungGen      total 346624K, used 327680K [0x00000000d5580000, 0x00000000f1580000, 0x0000000100000000)
  eden space 327680K, 100% used [0x00000000d5580000,0x00000000e9580000,0x00000000e9580000)
  from space 18944K, 0% used [0x00000000e9580000,0x00000000e9580000,0x00000000ea800000)
  to   space 23040K, 0% used [0x00000000eff00000,0x00000000eff00000,0x00000000f1580000)
 ParOldGen       total 126464K, used 34133K [0x0000000080000000, 0x0000000087b80000, 0x00000000d5580000)
  object space 126464K, 26% used [0x0000000080000000,0x0000000082155590,0x0000000087b80000)
 Metaspace       used 70835K, capacity 74088K, committed 74264K, reserved 1114112K
  class space    used 9625K, capacity 10238K, committed 10288K, reserved 1048576K
Event: 23.633 GC heap after
Heap after GC invocations=13 (full 3):
 PSYoungGen      total 414208K, used 23010K [0x00000000d5580000, 0x00000000f1580000, 0x0000000100000000)
  eden space 391168K, 0% used [0x00000000d5580000,0x00000000d5580000,0x00000000ed380000)
  from space 23040K, 99% used [0x00000000eff00000,0x00000000f15788d8,0x00000000f1580000)
  to   space 28160K, 0% used [0x00000000ede80000,0x00000000ede80000,0x00000000efa00000)
 ParOldGen       total 126464K, used 38721K [0x0000000080000000, 0x0000000087b80000, 0x00000000d5580000)
  object space 126464K, 30% used [0x0000000080000000,0x00000000825d07e8,0x0000000087b80000)
 Metaspace       used 70835K, capacity 74088K, committed 74264K, reserved 1114112K
  class space    used 9625K, capacity 10238K, committed 10288K, reserved 1048576K
}
Event: 29.608 GC heap before
{Heap before GC invocations=14 (full 3):
 PSYoungGen      total 414208K, used 414178K [0x00000000d5580000, 0x00000000f1580000, 0x0000000100000000)
  eden space 391168K, 100% used [0x00000000d5580000,0x00000000ed380000,0x00000000ed380000)
  from space 23040K, 99% used [0x00000000eff00000,0x00000000f15788d8,0x00000000f1580000)
  to   space 28160K, 0% used [0x00000000ede80000,0x00000000ede80000,0x00000000efa00000)
 ParOldGen       total 126464K, used 38721K [0x0000000080000000, 0x0000000087b80000, 0x00000000d5580000)
  object space 126464K, 30% used [0x0000000080000000,0x00000000825d07e8,0x0000000087b80000)
 Metaspace       used 81650K, capacity 86034K, committed 86296K, reserved 1124352K
  class space    used 11224K, capacity 12043K, committed 12080K, reserved 1048576K
Event: 29.673 GC heap after
Heap after GC invocations=14 (full 3):
 PSYoungGen      total 430592K, used 23808K [0x00000000d5580000, 0x00000000f5480000, 0x0000000100000000)
  eden space 402432K, 0% used [0x00000000d5580000,0x00000000d5580000,0x00000000ede80000)
  from space 28160K, 84% used [0x00000000ede80000,0x00000000ef5c03a8,0x00000000efa00000)
  to   space 30720K, 0% used [0x00000000f3680000,0x00000000f3680000,0x00000000f5480000)
 ParOldGen       total 126464K, used 55830K [0x0000000080000000, 0x0000000087b80000, 0x00000000d5580000)
  object space 126464K, 44% used [0x0000000080000000,0x0000000083685b50,0x0000000087b80000)
 Metaspace       used 81650K, capacity 86034K, committed 86296K, reserved 1124352K
  class space    used 11224K, capacity 12043K, committed 12080K, reserved 1048576K
}

