# JRE version: OpenJDK Runtime Environment (8.0_242-b01) (build 1.8.0_242-release-1644-b01)
# Java VM: OpenJDK 64-Bit Server VM (25.242-b01 mixed mode windows-amd64 compressed oops)
Heap:
 PSYoungGen      total 296448K, used 275971K [0x00000000d5580000, 0x00000000e9300000, 0x0000000100000000)
  eden space 267776K, 92% used [0x00000000d5580000,0x00000000e4706700,0x00000000e5b00000)
  from space 28672K, 99% used [0x00000000e5b00000,0x00000000e76fa560,0x00000000e7700000)
  to   space 23040K, 0% used [0x00000000e7c80000,0x00000000e7c80000,0x00000000e9300000)
 ParOldGen       total 134656K, used 68087K [0x0000000080000000, 0x0000000088380000, 0x00000000d5580000)
  object space 134656K, 50% used [0x0000000080000000,0x000000008427dd60,0x0000000088380000)
 Metaspace       used 90852K, capacity 96448K, committed 96536K, reserved 1132544K
  class space    used 12231K, capacity 13320K, committed 13360K, reserved 1048576K
GC Heap History (10 events):
Event: 9.201 GC heap before
{Heap before GC invocations=12 (full 2):
 PSYoungGen      total 200192K, used 159978K [0x00000000d5580000, 0x00000000e5980000, 0x0000000100000000)
  eden space 186368K, 78% used [0x00000000d5580000,0x00000000de43ada0,0x00000000e0b80000)
  from space 13824K, 99% used [0x00000000e0b80000,0x00000000e18ffc20,0x00000000e1900000)
  to   space 15872K, 0% used [0x00000000e4a00000,0x00000000e4a00000,0x00000000e5980000)
 ParOldGen       total 85504K, used 15821K [0x0000000080000000, 0x0000000085380000, 0x00000000d5580000)
  object space 85504K, 18% used [0x0000000080000000,0x0000000080f737e0,0x0000000085380000)
 Metaspace       used 56783K, capacity 59086K, committed 59160K, reserved 1099776K
  class space    used 7773K, capacity 8240K, committed 8240K, reserved 1048576K
Event: 9.253 GC heap after
Heap after GC invocations=12 (full 2):
 PSYoungGen      total 245248K, used 15868K [0x00000000d5580000, 0x00000000e6680000, 0x0000000100000000)
  eden space 229376K, 0% used [0x00000000d5580000,0x00000000d5580000,0x00000000e3580000)
  from space 15872K, 99% used [0x00000000e4a00000,0x00000000e597f310,0x00000000e5980000)
  to   space 20992K, 0% used [0x00000000e3580000,0x00000000e3580000,0x00000000e4a00000)
 ParOldGen       total 85504K, used 24429K [0x0000000080000000, 0x0000000085380000, 0x00000000d5580000)
  object space 85504K, 28% used [0x0000000080000000,0x00000000817db528,0x0000000085380000)
 Metaspace       used 56783K, capacity 59086K, committed 59160K, reserved 1099776K
  class space    used 7773K, capacity 8240K, committed 8240K, reserved 1048576K
}
Event: 9.253 GC heap before
{Heap before GC invocations=13 (full 3):
 PSYoungGen      total 245248K, used 15868K [0x00000000d5580000, 0x00000000e6680000, 0x0000000100000000)
  eden space 229376K, 0% used [0x00000000d5580000,0x00000000d5580000,0x00000000e3580000)
  from space 15872K, 99% used [0x00000000e4a00000,0x00000000e597f310,0x00000000e5980000)
  to   space 20992K, 0% used [0x00000000e3580000,0x00000000e3580000,0x00000000e4a00000)
 ParOldGen       total 85504K, used 24429K [0x0000000080000000, 0x0000000085380000, 0x00000000d5580000)
  object space 85504K, 28% used [0x0000000080000000,0x00000000817db528,0x0000000085380000)
 Metaspace       used 56783K, capacity 59086K, committed 59160K, reserved 1099776K
  class space    used 7773K, capacity 8240K, committed 8240K, reserved 1048576K
Event: 9.536 GC heap after
Heap after GC invocations=13 (full 3):
 PSYoungGen      total 245248K, used 0K [0x00000000d5580000, 0x00000000e6680000, 0x0000000100000000)
  eden space 229376K, 0% used [0x00000000d5580000,0x00000000d5580000,0x00000000e3580000)
  from space 15872K, 0% used [0x00000000e4a00000,0x00000000e4a00000,0x00000000e5980000)
  to   space 20992K, 0% used [0x00000000e3580000,0x00000000e3580000,0x00000000e4a00000)
 ParOldGen       total 134656K, used 36239K [0x0000000080000000, 0x0000000088380000, 0x00000000d5580000)
  object space 134656K, 26% used [0x0000000080000000,0x0000000082363e48,0x0000000088380000)
 Metaspace       used 56763K, capacity 59020K, committed 59160K, reserved 1099776K
  class space    used 7767K, capacity 8229K, committed 8240K, reserved 1048576K
}
Event: 13.039 GC heap before
{Heap before GC invocations=14 (full 3):
 PSYoungGen      total 245248K, used 229376K [0x00000000d5580000, 0x00000000e6680000, 0x0000000100000000)
  eden space 229376K, 100% used [0x00000000d5580000,0x00000000e3580000,0x00000000e3580000)
  from space 15872K, 0% used [0x00000000e4a00000,0x00000000e4a00000,0x00000000e5980000)
  to   space 20992K, 0% used [0x00000000e3580000,0x00000000e3580000,0x00000000e4a00000)
 ParOldGen       total 134656K, used 36239K [0x0000000080000000, 0x0000000088380000, 0x00000000d5580000)
  object space 134656K, 26% used [0x0000000080000000,0x0000000082363e48,0x0000000088380000)
 Metaspace       used 66714K, capacity 69746K, committed 69912K, reserved 1110016K
  class space    used 9126K, capacity 9730K, committed 9776K, reserved 1048576K
Event: 13.085 GC heap after
Heap after GC invocations=14 (full 3):
 PSYoungGen      total 250368K, used 20985K [0x00000000d5580000, 0x00000000e9780000, 0x0000000100000000)
  eden space 229376K, 0% used [0x00000000d5580000,0x00000000d5580000,0x00000000e3580000)
  from space 20992K, 99% used [0x00000000e3580000,0x00000000e49fe778,0x00000000e4a00000)
  to   space 27648K, 0% used [0x00000000e7c80000,0x00000000e7c80000,0x00000000e9780000)
 ParOldGen       total 134656K, used 45575K [0x0000000080000000, 0x0000000088380000, 0x00000000d5580000)
  object space 134656K, 33% used [0x0000000080000000,0x0000000082c81d00,0x0000000088380000)
 Metaspace       used 66714K, capacity 69746K, committed 69912K, reserved 1110016K
  class space    used 9126K, capacity 9730K, committed 9776K, reserved 1048576K
}
Event: 27.198 GC heap before
{Heap before GC invocations=15 (full 3):
 PSYoungGen      total 250368K, used 250361K [0x00000000d5580000, 0x00000000e9780000, 0x0000000100000000)
  eden space 229376K, 100% used [0x00000000d5580000,0x00000000e3580000,0x00000000e3580000)
  from space 20992K, 99% used [0x00000000e3580000,0x00000000e49fe778,0x00000000e4a00000)
  to   space 27648K, 0% used [0x00000000e7c80000,0x00000000e7c80000,0x00000000e9780000)
 ParOldGen       total 134656K, used 45575K [0x0000000080000000, 0x0000000088380000, 0x00000000d5580000)
  object space 134656K, 33% used [0x0000000080000000,0x0000000082c81d00,0x0000000088380000)
 Metaspace       used 72587K, capacity 75986K, committed 76312K, reserved 1116160K
  class space    used 9769K, capacity 10442K, committed 10544K, reserved 1048576K
Event: 27.246 GC heap after
Heap after GC invocations=15 (full 3):
 PSYoungGen      total 290816K, used 18137K [0x00000000d5580000, 0x00000000e9300000, 0x0000000100000000)
  eden space 267776K, 0% used [0x00000000d5580000,0x00000000d5580000,0x00000000e5b00000)
  from space 23040K, 78% used [0x00000000e7c80000,0x00000000e8e364d0,0x00000000e9300000)
  to   space 28672K, 0% used [0x00000000e5b00000,0x00000000e5b00000,0x00000000e7700000)
 ParOldGen       total 134656K, used 63506K [0x0000000080000000, 0x0000000088380000, 0x00000000d5580000)
  object space 134656K, 47% used [0x0000000080000000,0x0000000083e04aa8,0x0000000088380000)
 Metaspace       used 72587K, capacity 75986K, committed 76312K, reserved 1116160K
  class space    used 9769K, capacity 10442K, committed 10544K, reserved 1048576K
}
Event: 32.578 GC heap before
{Heap before GC invocations=16 (full 3):
 PSYoungGen      total 290816K, used 285913K [0x00000000d5580000, 0x00000000e9300000, 0x0000000100000000)
  eden space 267776K, 100% used [0x00000000d5580000,0x00000000e5b00000,0x00000000e5b00000)
  from space 23040K, 78% used [0x00000000e7c80000,0x00000000e8e364d0,0x00000000e9300000)
  to   space 28672K, 0% used [0x00000000e5b00000,0x00000000e5b00000,0x00000000e7700000)
 ParOldGen       total 134656K, used 63506K [0x0000000080000000, 0x0000000088380000, 0x00000000d5580000)
  object space 134656K, 47% used [0x0000000080000000,0x0000000083e04aa8,0x0000000088380000)
 Metaspace       used 80564K, capacity 84116K, committed 84248K, reserved 1122304K
  class space    used 10620K, capacity 11266K, committed 11312K, reserved 1048576K
Event: 32.653 GC heap after
Heap after GC invocations=16 (full 3):
 PSYoungGen      total 296448K, used 28649K [0x00000000d5580000, 0x00000000e9300000, 0x0000000100000000)
  eden space 267776K, 0% used [0x00000000d5580000,0x00000000d5580000,0x00000000e5b00000)
  from space 28672K, 99% used [0x00000000e5b00000,0x00000000e76fa560,0x00000000e7700000)
  to   space 23040K, 0% used [0x00000000e7c80000,0x00000000e7c80000,0x00000000e9300000)
 ParOldGen       total 134656K, used 68087K [0x0000000080000000, 0x0000000088380000, 0x00000000d5580000)
  object space 134656K, 50% used [0x0000000080000000,0x000000008427dd60,0x0000000088380000)
 Metaspace       used 80564K, capacity 84116K, committed 84248K, reserved 1122304K
  class space    used 10620K, capacity 11266K, committed 11312K, reserved 1048576K
}

