# JRE version: OpenJDK Runtime Environment (8.0_242-b01) (build 1.8.0_242-release-1644-b01)
# Java VM: OpenJDK 64-Bit Server VM (25.242-b01 mixed mode windows-amd64 compressed oops)
Heap:
 PSYoungGen      total 206336K, used 6582K [0x00000000d5580000, 0x00000000e3380000, 0x0000000100000000)
  eden space 193024K, 3% used [0x00000000d5580000,0x00000000d5bed8c0,0x00000000e1200000)
  from space 13312K, 0% used [0x00000000e1200000,0x00000000e1200000,0x00000000e1f00000)
  to   space 13824K, 0% used [0x00000000e1f00000,0x00000000e1f00000,0x00000000e2c80000)
 ParOldGen       total 81408K, used 26916K [0x0000000080000000, 0x0000000084f80000, 0x00000000d5580000)
  object space 81408K, 33% used [0x0000000080000000,0x0000000081a492b8,0x0000000084f80000)
 Metaspace       used 54354K, capacity 56511K, committed 56616K, reserved 1099776K
  class space    used 7430K, capacity 7895K, committed 7976K, reserved 1048576K
GC Heap History (10 events):
Event: 10.589 GC heap before
{Heap before GC invocations=11 (full 2):
 PSYoungGen      total 206848K, used 193024K [0x00000000d5580000, 0x00000000e3380000, 0x0000000100000000)
  eden space 193024K, 100% used [0x00000000d5580000,0x00000000e1200000,0x00000000e1200000)
  from space 13824K, 0% used [0x00000000e1f00000,0x00000000e1f00000,0x00000000e2c80000)
  to   space 13312K, 0% used [0x00000000e1200000,0x00000000e1200000,0x00000000e1f00000)
 ParOldGen       total 81408K, used 14705K [0x0000000080000000, 0x0000000084f80000, 0x00000000d5580000)
  object space 81408K, 18% used [0x0000000080000000,0x0000000080e5c4a8,0x0000000084f80000)
 Metaspace       used 45510K, capacity 47302K, committed 47528K, reserved 1089536K
  class space    used 6157K, capacity 6513K, committed 6568K, reserved 1048576K
Event: 10.632 GC heap after
Heap after GC invocations=11 (full 2):
 PSYoungGen      total 206336K, used 13304K [0x00000000d5580000, 0x00000000e3380000, 0x0000000100000000)
  eden space 193024K, 0% used [0x00000000d5580000,0x00000000d5580000,0x00000000e1200000)
  from space 13312K, 99% used [0x00000000e1200000,0x00000000e1efe2a0,0x00000000e1f00000)
  to   space 13824K, 0% used [0x00000000e1f00000,0x00000000e1f00000,0x00000000e2c80000)
 ParOldGen       total 81408K, used 18193K [0x0000000080000000, 0x0000000084f80000, 0x00000000d5580000)
  object space 81408K, 22% used [0x0000000080000000,0x00000000811c4518,0x0000000084f80000)
 Metaspace       used 45510K, capacity 47302K, committed 47528K, reserved 1089536K
  class space    used 6157K, capacity 6513K, committed 6568K, reserved 1048576K
}
Event: 12.830 GC heap before
{Heap before GC invocations=12 (full 2):
 PSYoungGen      total 206336K, used 108954K [0x00000000d5580000, 0x00000000e3380000, 0x0000000100000000)
  eden space 193024K, 49% used [0x00000000d5580000,0x00000000db2e8868,0x00000000e1200000)
  from space 13312K, 99% used [0x00000000e1200000,0x00000000e1efe2a0,0x00000000e1f00000)
  to   space 13824K, 0% used [0x00000000e1f00000,0x00000000e1f00000,0x00000000e2c80000)
 ParOldGen       total 81408K, used 18193K [0x0000000080000000, 0x0000000084f80000, 0x00000000d5580000)
  object space 81408K, 22% used [0x0000000080000000,0x00000000811c4518,0x0000000084f80000)
 Metaspace       used 54049K, capacity 56165K, committed 56232K, reserved 1103872K
  class space    used 7342K, capacity 7781K, committed 7848K, reserved 1048576K
Event: 12.859 GC heap after
Heap after GC invocations=12 (full 2):
 PSYoungGen      total 206848K, used 13804K [0x00000000d5580000, 0x00000000e3380000, 0x0000000100000000)
  eden space 193024K, 0% used [0x00000000d5580000,0x00000000d5580000,0x00000000e1200000)
  from space 13824K, 99% used [0x00000000e1f00000,0x00000000e2c7b310,0x00000000e2c80000)
  to   space 13312K, 0% used [0x00000000e1200000,0x00000000e1200000,0x00000000e1f00000)
 ParOldGen       total 81408K, used 25153K [0x0000000080000000, 0x0000000084f80000, 0x00000000d5580000)
  object space 81408K, 30% used [0x0000000080000000,0x0000000081890758,0x0000000084f80000)
 Metaspace       used 54049K, capacity 56165K, committed 56232K, reserved 1103872K
  class space    used 7342K, capacity 7781K, committed 7848K, reserved 1048576K
}
Event: 12.859 GC heap before
{Heap before GC invocations=13 (full 3):
 PSYoungGen      total 206848K, used 13804K [0x00000000d5580000, 0x00000000e3380000, 0x0000000100000000)
  eden space 193024K, 0% used [0x00000000d5580000,0x00000000d5580000,0x00000000e1200000)
  from space 13824K, 99% used [0x00000000e1f00000,0x00000000e2c7b310,0x00000000e2c80000)
  to   space 13312K, 0% used [0x00000000e1200000,0x00000000e1200000,0x00000000e1f00000)
 ParOldGen       total 81408K, used 25153K [0x0000000080000000, 0x0000000084f80000, 0x00000000d5580000)
  object space 81408K, 30% used [0x0000000080000000,0x0000000081890758,0x0000000084f80000)
 Metaspace       used 54049K, capacity 56165K, committed 56232K, reserved 1103872K
  class space    used 7342K, capacity 7781K, committed 7848K, reserved 1048576K
Event: 13.155 GC heap after
Heap after GC invocations=13 (full 3):
 PSYoungGen      total 206848K, used 0K [0x00000000d5580000, 0x00000000e3380000, 0x0000000100000000)
  eden space 193024K, 0% used [0x00000000d5580000,0x00000000d5580000,0x00000000e1200000)
  from space 13824K, 0% used [0x00000000e1f00000,0x00000000e1f00000,0x00000000e2c80000)
  to   space 13312K, 0% used [0x00000000e1200000,0x00000000e1200000,0x00000000e1f00000)
 ParOldGen       total 81408K, used 32693K [0x0000000080000000, 0x0000000084f80000, 0x00000000d5580000)
  object space 81408K, 40% used [0x0000000080000000,0x0000000081fed4d0,0x0000000084f80000)
 Metaspace       used 54037K, capacity 56123K, committed 56232K, reserved 1099776K
  class space    used 7338K, capacity 7774K, committed 7848K, reserved 1048576K
}
Event: 13.185 GC heap before
{Heap before GC invocations=14 (full 3):
 PSYoungGen      total 206848K, used 3531K [0x00000000d5580000, 0x00000000e3380000, 0x0000000100000000)
  eden space 193024K, 1% used [0x00000000d5580000,0x00000000d58f2f70,0x00000000e1200000)
  from space 13824K, 0% used [0x00000000e1f00000,0x00000000e1f00000,0x00000000e2c80000)
  to   space 13312K, 0% used [0x00000000e1200000,0x00000000e1200000,0x00000000e1f00000)
 ParOldGen       total 81408K, used 32693K [0x0000000080000000, 0x0000000084f80000, 0x00000000d5580000)
  object space 81408K, 40% used [0x0000000080000000,0x0000000081fed4d0,0x0000000084f80000)
 Metaspace       used 54092K, capacity 56173K, committed 56232K, reserved 1103872K
  class space    used 7361K, capacity 7809K, committed 7848K, reserved 1048576K
Event: 13.187 GC heap after
Heap after GC invocations=14 (full 3):
 PSYoungGen      total 206336K, used 311K [0x00000000d5580000, 0x00000000e3380000, 0x0000000100000000)
  eden space 193024K, 0% used [0x00000000d5580000,0x00000000d5580000,0x00000000e1200000)
  from space 13312K, 2% used [0x00000000e1200000,0x00000000e124df98,0x00000000e1f00000)
  to   space 13824K, 0% used [0x00000000e1f00000,0x00000000e1f00000,0x00000000e2c80000)
 ParOldGen       total 81408K, used 32693K [0x0000000080000000, 0x0000000084f80000, 0x00000000d5580000)
  object space 81408K, 40% used [0x0000000080000000,0x0000000081fed4d0,0x0000000084f80000)
 Metaspace       used 54092K, capacity 56173K, committed 56232K, reserved 1103872K
  class space    used 7361K, capacity 7809K, committed 7848K, reserved 1048576K
}
Event: 13.187 GC heap before
{Heap before GC invocations=15 (full 4):
 PSYoungGen      total 206336K, used 311K [0x00000000d5580000, 0x00000000e3380000, 0x0000000100000000)
  eden space 193024K, 0% used [0x00000000d5580000,0x00000000d5580000,0x00000000e1200000)
  from space 13312K, 2% used [0x00000000e1200000,0x00000000e124df98,0x00000000e1f00000)
  to   space 13824K, 0% used [0x00000000e1f00000,0x00000000e1f00000,0x00000000e2c80000)
 ParOldGen       total 81408K, used 32693K [0x0000000080000000, 0x0000000084f80000, 0x00000000d5580000)
  object space 81408K, 40% used [0x0000000080000000,0x0000000081fed4d0,0x0000000084f80000)
 Metaspace       used 54092K, capacity 56173K, committed 56232K, reserved 1103872K
  class space    used 7361K, capacity 7809K, committed 7848K, reserved 1048576K
Event: 13.274 GC heap after
Heap after GC invocations=15 (full 4):
 PSYoungGen      total 206336K, used 0K [0x00000000d5580000, 0x00000000e3380000, 0x0000000100000000)
  eden space 193024K, 0% used [0x00000000d5580000,0x00000000d5580000,0x00000000e1200000)
  from space 13312K, 0% used [0x00000000e1200000,0x00000000e1200000,0x00000000e1f00000)
  to   space 13824K, 0% used [0x00000000e1f00000,0x00000000e1f00000,0x00000000e2c80000)
 ParOldGen       total 81408K, used 26916K [0x0000000080000000, 0x0000000084f80000, 0x00000000d5580000)
  object space 81408K, 33% used [0x0000000080000000,0x0000000081a492b8,0x0000000084f80000)
 Metaspace       used 54092K, capacity 56173K, committed 56232K, reserved 1099776K
  class space    used 7361K, capacity 7809K, committed 7848K, reserved 1048576K
}

